<?xml version="1.0" encoding="UTF-8"?>
<!-- Generated by org.testng.reporters.JUnitXMLReporter -->
<testsuite ignored="0" hostname="DESKTOP-5MPUUTT" failures="3" tests="7" name="Test" time="35.515" errors="0" timestamp="2023-10-16T10:46:09 SGT">
  <testcase classname="unitTestModule.UnitTest_Language" name="Add_Admin_Language" time="11.383"/>
  <testcase classname="unitTestModule.UnitTest_Language" name="verifyInput_Admin_Language" time="4.783"/>
  <testcase classname="unitTestModule.UnitTest_Language" name="updateAndVerify_Admin_Language" time="5.949"/>
  <testcase classname="unitTestModule.UnitTest_Language" name="verifyDelete_Admin_Language" time="4.426"/>
  <testcase classname="unitTestModule.UnitTest_Qualifications" name="Add_Admin_Qualifications" time="0.007">
    <failure type="java.lang.IllegalArgumentException" message="Input must be set">
      <![CDATA[java.lang.IllegalArgumentException: Input must be set
at org.openqa.selenium.internal.Require.nonNull(Require.java:60)
at org.openqa.selenium.support.ui.FluentWait.<init>(FluentWait.java:94)
at org.openqa.selenium.support.ui.WebDriverWait.<init>(WebDriverWait.java:74)
at org.openqa.selenium.support.ui.WebDriverWait.<init>(WebDriverWait.java:43)
at unitTestModule.UnitTest_Qualifications.Add_Admin_Qualifications(UnitTest_Qualifications.java:25)
at java.base/java.util.ArrayList.forEach(ArrayList.java:1511)
... Removed 25 stack frames]]>
    </failure>
  </testcase> <!-- Add_Admin_Qualifications -->
  <testcase classname="unitTestModule.UnitTest_Qualifications" name="verifyInput_Admin_Qualifications" time="0.009">
    <failure type="java.lang.IllegalArgumentException" message="Input must be set">
      <![CDATA[java.lang.IllegalArgumentException: Input must be set
at org.openqa.selenium.internal.Require.nonNull(Require.java:60)
at org.openqa.selenium.support.ui.FluentWait.<init>(FluentWait.java:94)
at org.openqa.selenium.support.ui.WebDriverWait.<init>(WebDriverWait.java:74)
at org.openqa.selenium.support.ui.WebDriverWait.<init>(WebDriverWait.java:43)
at unitTestModule.UnitTest_Qualifications.verifyInput_Admin_Qualifications(UnitTest_Qualifications.java:52)
at java.base/java.util.ArrayList.forEach(ArrayList.java:1511)
... Removed 25 stack frames]]>
    </failure>
  </testcase> <!-- verifyInput_Admin_Qualifications -->
  <testcase classname="unitTestModule.UnitTest_Qualifications" name="updateAndVerify_Admin_Qualifications" time="0.008">
    <failure type="java.lang.IllegalArgumentException" message="Input must be set">
      <![CDATA[java.lang.IllegalArgumentException: Input must be set
at org.openqa.selenium.internal.Require.nonNull(Require.java:60)
at org.openqa.selenium.support.ui.FluentWait.<init>(FluentWait.java:94)
at org.openqa.selenium.support.ui.WebDriverWait.<init>(WebDriverWait.java:74)
at org.openqa.selenium.support.ui.WebDriverWait.<init>(WebDriverWait.java:43)
at unitTestModule.UnitTest_Qualifications.updateAndVerify_Admin_Qualifications(UnitTest_Qualifications.java:68)
at java.base/java.util.ArrayList.forEach(ArrayList.java:1511)
... Removed 25 stack frames]]>
    </failure>
  </testcase> <!-- updateAndVerify_Admin_Qualifications -->
</testsuite> <!-- Test -->
